[debug] [2020-12-08T01:16:37.105Z] ----------------------------------------------------------------------
[debug] [2020-12-08T01:16:37.108Z] Command:       C:\Program Files\nodejs\node.exe C:\Users\ojout\AppData\Roaming\npm\node_modules\firebase-tools\lib\bin\firebase.js init
[debug] [2020-12-08T01:16:37.108Z] CLI Version:   8.18.0
[debug] [2020-12-08T01:16:37.108Z] Platform:      win32
[debug] [2020-12-08T01:16:37.108Z] Node Version:  v15.1.0
[debug] [2020-12-08T01:16:37.110Z] Time:          Mon Dec 07 2020 17:16:37 GMT-0800 (Pacific Standard Time)
[debug] [2020-12-08T01:16:37.110Z] ----------------------------------------------------------------------
[debug] [2020-12-08T01:16:37.110Z] 
[debug] [2020-12-08T01:16:37.116Z] > command requires scopes: ["email","openid","https://www.googleapis.com/auth/cloudplatformprojects.readonly","https://www.googleapis.com/auth/firebase","https://www.googleapis.com/auth/cloud-platform"]
[debug] [2020-12-08T01:16:37.117Z] > authorizing via signed-in user
[info] 
     ######## #### ########  ######## ########     ###     ######  ########
     ##        ##  ##     ## ##       ##     ##  ##   ##  ##       ##
     ######    ##  ########  ######   ########  #########  ######  ######
     ##        ##  ##    ##  ##       ##     ## ##     ##       ## ##
     ##       #### ##     ## ######## ########  ##     ##  ######  ########

You're about to initialize a Firebase project in this directory:

  C:\Users\ojout\Desktop\z\school\INFO 442

Before we get started, keep in mind:

  * You are initializing in an existing Firebase project directory

[info] 
=== Project Setup
[info] 
[info] First, let's associate this project directory with a Firebase project.
[info] You can create multiple project aliases by running firebase use --add, 
[info] but for now we'll just set up a default project.
[info] 
[info] i  .firebaserc already has a default project, using accessitech-77fa6. 
[debug] [2020-12-08T01:16:43.394Z] >>> HTTP REQUEST GET https://firebase.googleapis.com/v1beta1/projects/accessitech-77fa6  
 
[debug] [2020-12-08T01:16:43.588Z] <<< HTTP RESPONSE 200 {"content-type":"application/json; charset=UTF-8","vary":"X-Origin, Referer, Origin,Accept-Encoding","date":"Tue, 08 Dec 2020 01:16:45 GMT","server":"ESF","cache-control":"private","x-xss-protection":"0","x-frame-options":"SAMEORIGIN","x-content-type-options":"nosniff","alt-svc":"h3-29=\":443\"; ma=2592000,h3-T051=\":443\"; ma=2592000,h3-Q050=\":443\"; ma=2592000,h3-Q046=\":443\"; ma=2592000,h3-Q043=\":443\"; ma=2592000,quic=\":443\"; ma=2592000; v=\"46,43\"","accept-ranges":"none","transfer-encoding":"chunked"}
[info] 
=== Hosting Setup
[info] 
[info] Your public directory is the folder (relative to your project directory) that
[info] will contain Hosting assets to be uploaded with firebase deploy. If you
[info] have a build process for your assets, use your build's output directory.
[info] 
[info] +  Wrote build/404.html 
[debug] [2020-12-08T01:16:55.304Z] >>> [apiv2][query] GET https://www.gstatic.com/firebasejs/releases.json [none]
[debug] [2020-12-08T01:16:55.381Z] <<< [apiv2][status] GET https://www.gstatic.com/firebasejs/releases.json 200
[debug] [2020-12-08T01:16:55.381Z] <<< [apiv2][body] GET https://www.gstatic.com/firebasejs/releases.json {"current":{"version":"8.1.2","browserURL":"https://www.gstatic.com/firebasejs/8.1.2/firebase.js","packageURL":"https://www.gstatic.com/firebasejs/8.1.2/firebase.tgz"},"live":{"version":"8.1","browserURL":"https://www.gstatic.com/firebasejs/live/8.1/firebase.js","packageURL":"https://www.gstatic.com/firebasejs/live/8.1/firebase.tgz"},"components":{"analytics":"https://www.gstatic.com/firebasejs/8.1.2/firebase-analytics.js","app":"https://www.gstatic.com/firebasejs/8.1.2/firebase-app.js","auth":"https://www.gstatic.com/firebasejs/8.1.2/firebase-auth.js","database":"https://www.gstatic.com/firebasejs/8.1.2/firebase-database.js","firestore":"https://www.gstatic.com/firebasejs/8.1.2/firebase-firestore.js","functions":"https://www.gstatic.com/firebasejs/8.1.2/firebase-functions.js","installations":"https://www.gstatic.com/firebasejs/8.1.2/firebase-installations.js","messaging":"https://www.gstatic.com/firebasejs/8.1.2/firebase-messaging.js","storage":"https://www.gstatic.com/firebasejs/8.1.2/firebase-storage.js","performance":"https://www.gstatic.com/firebasejs/8.1.2/firebase-performance.js","remote-config":"https://www.gstatic.com/firebasejs/8.1.2/firebase-remote-config.js","firestore.memory":"https://www.gstatic.com/firebasejs/8.1.2/firebase-firestore.memory.js"}}
[info] i  Skipping write of build/index.html 
[info] 
[info] i  Detected a .git folder at C:\Users\ojout\Desktop\z\school\INFO 442\team-a 
[info] i  Authorizing with GitHub to upload your service account to a GitHub repository's secrets store. 
[info] 
[info] Visit this URL on this device to log in:
[info] https://github.com/login/oauth/authorize?client_id=89cf50f02ac6aaed3484&state=673973236&redirect_uri=http%3A%2F%2Flocalhost%3A9005&scope=read%3Auser%20repo%20public_repo
[info] 
[info] Waiting for authentication...
[debug] [2020-12-08T01:17:02.079Z] >>> HTTP REQUEST POST https://github.com/login/oauth/access_token  
 {"client_id":"89cf50f02ac6aaed3484","client_secret":"3330d14abc895d9a74d5f17cd7a00711fa2c5bf0","code":"2d5db3a4e82b61af41eb","redirect_uri":"http://localhost:9005","state":"673973236"}
[debug] [2020-12-08T01:17:02.428Z] <<< HTTP RESPONSE 200 {"server":"GitHub.com","date":"Tue, 08 Dec 2020 01:17:04 GMT","content-type":"application/json; charset=utf-8","transfer-encoding":"chunked","status":"200 OK","vary":"X-PJAX, Accept-Encoding, Accept, X-Requested-With","etag":"W/\"eb07bf57ad13878cce9262eb0bc44375\"","cache-control":"max-age=0, private, must-revalidate","strict-transport-security":"max-age=31536000; includeSubdomains; preload","x-frame-options":"deny","x-content-type-options":"nosniff","x-xss-protection":"1; mode=block","referrer-policy":"origin-when-cross-origin, strict-origin-when-cross-origin","expect-ct":"max-age=2592000, report-uri=\"https://api.github.com/_private/browser/errors\"","content-security-policy":"default-src 'none'; base-uri 'self'; block-all-mixed-content; connect-src 'self' uploads.github.com www.githubstatus.com collector.githubapp.com api.github.com github-cloud.s3.amazonaws.com github-production-repository-file-5c1aeb.s3.amazonaws.com github-production-upload-manifest-file-7fdce7.s3.amazonaws.com github-production-user-asset-6210df.s3.amazonaws.com cdn.optimizely.com logx.optimizely.com/v1/events wss://alive.github.com; font-src github.githubassets.com; form-action 'self' github.com gist.github.com; frame-ancestors 'none'; frame-src render.githubusercontent.com; img-src 'self' data: github.githubassets.com identicons.github.com collector.githubapp.com github-cloud.s3.amazonaws.com *.githubusercontent.com; manifest-src 'self'; media-src 'none'; script-src github.githubassets.com; style-src 'unsafe-inline' github.githubassets.com; worker-src github.com/socket-worker.js gist.github.com/socket-worker.js","x-github-request-id":"E6F8:4591:332F3EC:46E097A:5FCED40F"}
[debug] [2020-12-08T01:17:02.428Z] >>> [apiv2][query] GET https://api.github.com/user [none]
[debug] [2020-12-08T01:17:02.803Z] <<< [apiv2][status] GET https://api.github.com/user 200
[debug] [2020-12-08T01:17:02.803Z] <<< [apiv2][body] GET https://api.github.com/user {"login":"tanjoa","id":43616439,"node_id":"MDQ6VXNlcjQzNjE2NDM5","avatar_url":"https://avatars1.githubusercontent.com/u/43616439?v=4","gravatar_id":"","url":"https://api.github.com/users/tanjoa","html_url":"https://github.com/tanjoa","followers_url":"https://api.github.com/users/tanjoa/followers","following_url":"https://api.github.com/users/tanjoa/following{/other_user}","gists_url":"https://api.github.com/users/tanjoa/gists{/gist_id}","starred_url":"https://api.github.com/users/tanjoa/starred{/owner}{/repo}","subscriptions_url":"https://api.github.com/users/tanjoa/subscriptions","organizations_url":"https://api.github.com/users/tanjoa/orgs","repos_url":"https://api.github.com/users/tanjoa/repos","events_url":"https://api.github.com/users/tanjoa/events{/privacy}","received_events_url":"https://api.github.com/users/tanjoa/received_events","type":"User","site_admin":false,"name":null,"company":null,"blog":"","location":null,"email":null,"hireable":null,"bio":null,"twitter_username":null,"public_repos":8,"public_gists":0,"followers":0,"following":0,"created_at":"2018-09-26T16:44:11Z","updated_at":"2020-12-08T00:49:12Z","private_gists":0,"total_private_repos":3,"owned_private_repos":1,"disk_usage":3226,"collaborators":0,"two_factor_authentication":false,"plan":{"name":"free","space":976562499,"collaborators":0,"private_repos":10000}}
[info] 
[info] +  Success! Logged into GitHub as tanjoa 
[info] 
